<?xml version="1.0" encoding="UTF-8"?>
<testng-results ignored="0" total="1" passed="1" failed="0" skipped="0">
  <reporter-output>
  </reporter-output>
  <suite started-at="2021-01-29T14:14:22 IST" name="Default suite" finished-at="2021-01-29T14:14:24 IST" duration-ms="2175">
    <groups>
    </groups>
    <test started-at="2021-01-29T14:14:22 IST" name="Default test" finished-at="2021-01-29T14:14:24 IST" duration-ms="2175">
      <class name="com.qa.tests.TestNG">
        <test-method is-config="true" signature="Setup()[pri:0, instance:com.qa.tests.TestNG@45099dd3]" started-at="2021-01-29T14:14:22 IST" name="Setup" finished-at="2021-01-29T14:14:22 IST" duration-ms="4" status="PASS">
          <reporter-output>
          </reporter-output>
        </test-method> <!-- Setup -->
        <test-method signature="Test()[pri:0, instance:com.qa.tests.TestNG@45099dd3]" started-at="2021-01-29T14:14:22 IST" name="Test" finished-at="2021-01-29T14:14:24 IST" duration-ms="2133" status="PASS">
          <reporter-output>
          </reporter-output>
        </test-method> <!-- Test -->
      </class> <!-- com.qa.tests.TestNG -->
    </test> <!-- Default test -->
  </suite> <!-- Default suite -->
</testng-results>
